#
# A fatal error has been detected by the Java Runtime Environment:
#
#  EXCEPTION_ACCESS_VIOLATION (0xc0000005) at pc=0x61c2a6ed, pid=5556, tid=2216
#
# JRE version: Java(TM) SE Runtime Environment (8.0_40-b26) (build 1.8.0_40-b26)
# Java VM: Java HotSpot(TM) Client VM (25.40-b25 mixed mode windows-x86 )
# Problematic frame:
# V  [jvm.dll+0xca6ed]
#
# Failed to write core dump. Minidumps are not enabled by default on client versions of Windows
#
# If you would like to submit a bug report, please visit:
#   http://bugreport.java.com/bugreport/crash.jsp
#

---------------  T H R E A D  ---------------

Current thread (0x15295000):  JavaThread "JDWP Transport Listener: dt_socket" daemon [_thread_in_vm, id=2216, stack(0x159c0000,0x15a10000)]

siginfo: ExceptionCode=0xc0000005, reading address 0x003b726f

Registers:
EAX=0x003b726f, EBX=0x00000000, ECX=0x003b726f, EDX=0x00000000
ESP=0x15a0f938, EBP=0x15a0f93c, ESI=0x15295000, EDI=0x02cb8408
EIP=0x61c2a6ed, EFLAGS=0x00010206

Top of Stack: (sp=0x15a0f938)
0x15a0f938:   15295000 15a0f964 61d848a4 003b726f
0x15a0f948:   15a0fa1c 15a0f99f 15295000 00000000
0x15a0f958:   00000000 00000000 15295000 15a0f9a0
0x15a0f968:   64ca9f80 02cb8408 003b726f 15a0f99f
0x15a0f978:   003b726f 64c9436d 003b726f 15a0f99f
0x15a0f988:   00000010 00000000 00000000 00000009
0x15a0f998:   00000000 0029a694 15a0f9c0 64c944e0
0x15a0f9a8:   00000001 15a0f9dc 15a0fa18 16039e78 

Instructions: (pc=0x61c2a6ed)
0x61c2a6cd:   5d c3 52 e8 5b f9 ff ff 5d c3 cc cc cc cc cc cc
0x61c2a6dd:   cc cc cc 55 8b ec 8b 45 08 85 c0 75 02 5d c3 56
0x61c2a6ed:   8b 30 85 f6 74 17 83 fe 37 74 12 8b 06 8b 50 08
0x61c2a6fd:   8b ce ff d2 84 c0 74 05 8b c6 5e 5d c3 33 c0 5e 


Register to memory mapping:

EAX=0x003b726f is an unknown value
EBX=0x00000000 is an unknown value
ECX=0x003b726f is an unknown value
EDX=0x00000000 is an unknown value
ESP=0x15a0f938 is pointing into the stack for thread: 0x15295000
EBP=0x15a0f93c is pointing into the stack for thread: 0x15295000
ESI=0x15295000 is a thread
EDI=0x02cb8408 is an unknown value


Stack: [0x159c0000,0x15a10000],  sp=0x15a0f938,  free space=318k
Native frames: (J=compiled Java code, j=interpreted, Vv=VM code, C=native code)
V  [jvm.dll+0xca6ed]
V  [jvm.dll+0x2248a4]
C  [jdwp.dll+0x19f80]
C  [jdwp.dll+0x44e0]
C  [jdwp.dll+0x451e]
C  0x676e6f6d


---------------  P R O C E S S  ---------------

Java Threads: ( => current thread )
  0x1607dc00 JavaThread "HashSessionScavenger-0" daemon [_thread_blocked, id=8292, stack(0x16c70000,0x16cc0000)]
  0x1607d800 JavaThread "qtp25570746-25" [_thread_blocked, id=3252, stack(0x16be0000,0x16c30000)]
  0x1607cc00 JavaThread "qtp25570746-24" [_thread_blocked, id=3168, stack(0x16b50000,0x16ba0000)]
  0x1602a000 JavaThread "qtp25570746-23-acceptor-0-ServerConnector@10bb067{HTTP/1.1}{0.0.0.0:5000}" [_thread_in_native, id=1492, stack(0x16ac0000,0x16b10000)]
  0x16029800 JavaThread "qtp25570746-22-selector-3" [_thread_in_native, id=7648, stack(0x16a30000,0x16a80000)]
  0x16029400 JavaThread "qtp25570746-21-selector-2" [_thread_in_native, id=3300, stack(0x169a0000,0x169f0000)]
  0x16052800 JavaThread "qtp25570746-20-acceptor-1-ServerConnector@10bb067{HTTP/1.1}{0.0.0.0:5000}" [_thread_blocked, id=7108, stack(0x16910000,0x16960000)]
  0x16052000 JavaThread "qtp25570746-19-selector-0" [_thread_in_native, id=6600, stack(0x16880000,0x168d0000)]
  0x16007800 JavaThread "qtp25570746-18-selector-1" [_thread_in_native, id=2892, stack(0x167f0000,0x16840000)]
  0x16032800 JavaThread "DateCache" daemon [_thread_blocked, id=7344, stack(0x16760000,0x167b0000)]
  0x02cbe000 JavaThread "DestroyJavaVM" [_thread_blocked, id=7116, stack(0x02a50000,0x02aa0000)]
  0x15f5cc00 JavaThread "Thread-1" [_thread_blocked, id=2212, stack(0x16540000,0x16590000)]
  0x15f27000 JavaThread "pool-1-thread-1" daemon [_thread_blocked, id=7972, stack(0x164b0000,0x16500000)]
  0x15e81400 JavaThread "cluster-ClusterId{value='555a15987774f615b43499ca', description='null'}-ds053429.mongolab.com:53429" daemon [_thread_blocked, id=8464, stack(0x16420000,0x16470000)]
  0x152cac00 JavaThread "Service Thread" daemon [_thread_blocked, id=5348, stack(0x15c00000,0x15c50000)]
  0x152a5800 JavaThread "C1 CompilerThread0" daemon [_thread_blocked, id=4700, stack(0x15b70000,0x15bc0000)]
  0x1529c800 JavaThread "JDWP Command Reader" daemon [_thread_in_native, id=5376, stack(0x15ae0000,0x15b30000)]
  0x15297400 JavaThread "JDWP Event Helper Thread" daemon [_thread_blocked, id=7572, stack(0x15a50000,0x15aa0000)]
=>0x15295000 JavaThread "JDWP Transport Listener: dt_socket" daemon [_thread_in_vm, id=2216, stack(0x159c0000,0x15a10000)]
  0x15288000 JavaThread "Attach Listener" daemon [_thread_blocked, id=1292, stack(0x15650000,0x156a0000)]
  0x1526b400 JavaThread "Signal Dispatcher" daemon [_thread_blocked, id=6816, stack(0x155c0000,0x15610000)]
  0x15268400 JavaThread "Finalizer" daemon [_thread_blocked, id=5488, stack(0x15530000,0x15580000)]
  0x15263800 JavaThread "Reference Handler" daemon [_thread_blocked, id=5100, stack(0x154a0000,0x154f0000)]

Other Threads:
  0x15260400 VMThread [stack: 0x04db0000,0x04e00000] [id=5016]
  0x152cd800 WatcherThread [stack: 0x15c90000,0x15ce0000] [id=1648]

VM state:not at safepoint (normal execution)

VM Mutex/Monitor currently owned by a thread: None

Heap:
 def new generation   total 4928K, used 1628K [0x04e00000, 0x05350000, 0x0a350000)
  eden space 4416K,  25% used [0x04e00000, 0x04f17180, 0x05250000)
  from space 512K, 100% used [0x052d0000, 0x05350000, 0x05350000)
  to   space 512K,   0% used [0x05250000, 0x05250000, 0x052d0000)
 tenured generation   total 10944K, used 4497K [0x0a350000, 0x0ae00000, 0x14e00000)
   the space 10944K,  41% used [0x0a350000, 0x0a7b4418, 0x0a7b4600, 0x0ae00000)
 Metaspace       used 8089K, capacity 8223K, committed 8320K, reserved 8576K

Card table byte_map: [0x04cc0000,0x04d50000] byte_map_base: 0x04c99000

Polling page: 0x01200000

CodeCache: size=32768Kb used=1237Kb max_used=1249Kb free=31530Kb
 bounds [0x02cc0000, 0x02e00000, 0x04cc0000]
 total_blobs=576 nmethods=405 adapters=110
 compilation: enabled

Compilation events (10 events):
Event: 89.423 Thread 0x152a5800  403             java.text.SimpleDateFormat::format (171 bytes)
Event: 89.425 Thread 0x152a5800 nmethod 403 0x02df7188 code [0x02df72f0, 0x02df791c]
Event: 90.422 Thread 0x152a5800  404             java.util.Calendar::complete (40 bytes)
Event: 90.423 Thread 0x152a5800 nmethod 404 0x02df7f88 code [0x02df8090, 0x02df8188]
Event: 92.421 Thread 0x152a5800  405             java.util.Calendar::get (10 bytes)
Event: 92.422 Thread 0x152a5800 nmethod 405 0x02df8208 code [0x02df8310, 0x02df83dc]
Event: 104.201 Thread 0x152a5800  408             java.nio.Buffer::position (5 bytes)
Event: 104.201 Thread 0x152a5800 nmethod 408 0x02d932c8 code [0x02d933c0, 0x02d93440]
Event: 106.422 Thread 0x152a5800  409  s          java.lang.StringBuffer::length (5 bytes)
Event: 106.422 Thread 0x152a5800 nmethod 409 0x02d92f88 code [0x02d93080, 0x02d93240]

GC Heap History (10 events):
Event: 0.527 GC heap before
{Heap before GC invocations=2 (full 0):
 def new generation   total 4928K, used 4927K [0x04e00000, 0x05350000, 0x0a350000)
  eden space 4416K, 100% used [0x04e00000, 0x05250000, 0x05250000)
  from space 512K,  99% used [0x05250000, 0x052cfff8, 0x052d0000)
  to   space 512K,   0% used [0x052d0000, 0x052d0000, 0x05350000)
 tenured generation   total 10944K, used 1551K [0x0a350000, 0x0ae00000, 0x14e00000)
   the space 10944K,  14% used [0x0a350000, 0x0a4d3ca8, 0x0a4d3e00, 0x0ae00000)
 Metaspace       used 3830K, capacity 3854K, committed 3904K, reserved 4480K
Event: 0.529 GC heap after
Heap after GC invocations=3 (full 0):
 def new generation   total 4928K, used 512K [0x04e00000, 0x05350000, 0x0a350000)
  eden space 4416K,   0% used [0x04e00000, 0x04e00000, 0x05250000)
  from space 512K, 100% used [0x052d0000, 0x05350000, 0x05350000)
  to   space 512K,   0% used [0x05250000, 0x05250000, 0x052d0000)
 tenured generation   total 10944K, used 1952K [0x0a350000, 0x0ae00000, 0x14e00000)
   the space 10944K,  17% used [0x0a350000, 0x0a538138, 0x0a538200, 0x0ae00000)
 Metaspace       used 3830K, capacity 3854K, committed 3904K, reserved 4480K
}
Event: 0.834 GC heap before
{Heap before GC invocations=3 (full 0):
 def new generation   total 4928K, used 4928K [0x04e00000, 0x05350000, 0x0a350000)
  eden space 4416K, 100% used [0x04e00000, 0x05250000, 0x05250000)
  from space 512K, 100% used [0x052d0000, 0x05350000, 0x05350000)
  to   space 512K,   0% used [0x05250000, 0x05250000, 0x052d0000)
 tenured generation   total 10944K, used 1952K [0x0a350000, 0x0ae00000, 0x14e00000)
   the space 10944K,  17% used [0x0a350000, 0x0a538138, 0x0a538200, 0x0ae00000)
 Metaspace       used 4983K, capacity 5038K, committed 5120K, reserved 5504K
Event: 0.836 GC heap after
Heap after GC invocations=4 (full 0):
 def new generation   total 4928K, used 512K [0x04e00000, 0x05350000, 0x0a350000)
  eden space 4416K,   0% used [0x04e00000, 0x04e00000, 0x05250000)
  from space 512K, 100% used [0x05250000, 0x052d0000, 0x052d0000)
  to   space 512K,   0% used [0x052d0000, 0x052d0000, 0x05350000)
 tenured generation   total 10944K, used 2349K [0x0a350000, 0x0ae00000, 0x14e00000)
   the space 10944K,  21% used [0x0a350000, 0x0a59b658, 0x0a59b800, 0x0ae00000)
 Metaspace       used 4983K, capacity 5038K, committed 5120K, reserved 5504K
}
Event: 0.967 GC heap before
{Heap before GC invocations=4 (full 0):
 def new generation   total 4928K, used 4928K [0x04e00000, 0x05350000, 0x0a350000)
  eden space 4416K, 100% used [0x04e00000, 0x05250000, 0x05250000)
  from space 512K, 100% used [0x05250000, 0x052d0000, 0x052d0000)
  to   space 512K,   0% used [0x052d0000, 0x052d0000, 0x05350000)
 tenured generation   total 10944K, used 2349K [0x0a350000, 0x0ae00000, 0x14e00000)
   the space 10944K,  21% used [0x0a350000, 0x0a59b658, 0x0a59b800, 0x0ae00000)
 Metaspace       used 6278K, capacity 6318K, committed 6400K, reserved 6528K
Event: 0.971 GC heap after
Heap after GC invocations=5 (full 0):
 def new generation   total 4928K, used 511K [0x04e00000, 0x05350000, 0x0a350000)
  eden space 4416K,   0% used [0x04e00000, 0x04e00000, 0x05250000)
  from space 512K,  99% used [0x052d0000, 0x0534fff8, 0x05350000)
  to   space 512K,   0% used [0x05250000, 0x05250000, 0x052d0000)
 tenured generation   total 10944K, used 3083K [0x0a350000, 0x0ae00000, 0x14e00000)
   the space 10944K,  28% used [0x0a350000, 0x0a652e60, 0x0a653000, 0x0ae00000)
 Metaspace       used 6278K, capacity 6318K, committed 6400K, reserved 6528K
}
Event: 1.096 GC heap before
{Heap before GC invocations=5 (full 0):
 def new generation   total 4928K, used 4927K [0x04e00000, 0x05350000, 0x0a350000)
  eden space 4416K, 100% used [0x04e00000, 0x05250000, 0x05250000)
  from space 512K,  99% used [0x052d0000, 0x0534fff8, 0x05350000)
  to   space 512K,   0% used [0x05250000, 0x05250000, 0x052d0000)
 tenured generation   total 10944K, used 3083K [0x0a350000, 0x0ae00000, 0x14e00000)
   the space 10944K,  28% used [0x0a350000, 0x0a652e60, 0x0a653000, 0x0ae00000)
 Metaspace       used 6816K, capacity 6862K, committed 6912K, reserved 7552K
Event: 1.098 GC heap after
Heap after GC invocations=6 (full 0):
 def new generation   total 4928K, used 511K [0x04e00000, 0x05350000, 0x0a350000)
  eden space 4416K,   0% used [0x04e00000, 0x04e00000, 0x05250000)
  from space 512K,  99% used [0x05250000, 0x052cfff8, 0x052d0000)
  to   space 512K,   0% used [0x052d0000, 0x052d0000, 0x05350000)
 tenured generation   total 10944K, used 3726K [0x0a350000, 0x0ae00000, 0x14e00000)
   the space 10944K,  34% used [0x0a350000, 0x0a6f3a38, 0x0a6f3c00, 0x0ae00000)
 Metaspace       used 6816K, capacity 6862K, committed 6912K, reserved 7552K
}
Event: 1.325 GC heap before
{Heap before GC invocations=6 (full 0):
 def new generation   total 4928K, used 4927K [0x04e00000, 0x05350000, 0x0a350000)
  eden space 4416K, 100% used [0x04e00000, 0x05250000, 0x05250000)
  from space 512K,  99% used [0x05250000, 0x052cfff8, 0x052d0000)
  to   space 512K,   0% used [0x052d0000, 0x052d0000, 0x05350000)
 tenured generation   total 10944K, used 3726K [0x0a350000, 0x0ae00000, 0x14e00000)
   the space 10944K,  34% used [0x0a350000, 0x0a6f3a38, 0x0a6f3c00, 0x0ae00000)
 Metaspace       used 7916K, capacity 8063K, committed 8064K, reserved 8576K
Event: 1.335 GC heap after
Heap after GC invocations=7 (full 0):
 def new generation   total 4928K, used 512K [0x04e00000, 0x05350000, 0x0a350000)
  eden space 4416K,   0% used [0x04e00000, 0x04e00000, 0x05250000)
  from space 512K, 100% used [0x052d0000, 0x05350000, 0x05350000)
  to   space 512K,   0% used [0x05250000, 0x05250000, 0x052d0000)
 tenured generation   total 10944K, used 4497K [0x0a350000, 0x0ae00000, 0x14e00000)
   the space 10944K,  41% used [0x0a350000, 0x0a7b4418, 0x0a7b4600, 0x0ae00000)
 Metaspace       used 7916K, capacity 8063K, committed 8064K, reserved 8576K
}

Deoptimization events (0 events):
No events

Internal exceptions (10 events):
Event: 0.865 Thread 0x02cbe000 Exception <a 'java/lang/ArrayIndexOutOfBoundsException'> (0x04e71878) thrown at [C:\re\workspace\8-2-build-windows-i586-cygwin\jdk8u40\3098\hotspot\src\share\vm\runtime\sharedRuntime.cpp, line 605]
Event: 0.865 Thread 0x02cbe000 Exception <a 'java/lang/ArrayIndexOutOfBoundsException'> (0x04e725e8) thrown at [C:\re\workspace\8-2-build-windows-i586-cygwin\jdk8u40\3098\hotspot\src\share\vm\runtime\sharedRuntime.cpp, line 605]
Event: 0.866 Thread 0x02cbe000 Exception <a 'java/lang/ArrayIndexOutOfBoundsException'> (0x04e73b20) thrown at [C:\re\workspace\8-2-build-windows-i586-cygwin\jdk8u40\3098\hotspot\src\share\vm\runtime\sharedRuntime.cpp, line 605]
Event: 0.871 Thread 0x02cbe000 Exception <a 'java/lang/ArrayIndexOutOfBoundsException'> (0x04e94830) thrown at [C:\re\workspace\8-2-build-windows-i586-cygwin\jdk8u40\3098\hotspot\src\share\vm\runtime\sharedRuntime.cpp, line 605]
Event: 0.871 Thread 0x02cbe000 Exception <a 'java/lang/ArrayIndexOutOfBoundsException'> (0x04e957e0) thrown at [C:\re\workspace\8-2-build-windows-i586-cygwin\jdk8u40\3098\hotspot\src\share\vm\runtime\sharedRuntime.cpp, line 605]
Event: 0.872 Thread 0x02cbe000 Exception <a 'java/lang/ArrayIndexOutOfBoundsException'> (0x04e96dd8) thrown at [C:\re\workspace\8-2-build-windows-i586-cygwin\jdk8u40\3098\hotspot\src\share\vm\runtime\sharedRuntime.cpp, line 605]
Event: 0.878 Thread 0x02cbe000 Exception <a 'java/lang/ArrayIndexOutOfBoundsException'> (0x04eb90f0) thrown at [C:\re\workspace\8-2-build-windows-i586-cygwin\jdk8u40\3098\hotspot\src\share\vm\runtime\sharedRuntime.cpp, line 605]
Event: 0.882 Thread 0x02cbe000 Exception <a 'java/lang/ArrayIndexOutOfBoundsException'> (0x04ec62e8) thrown at [C:\re\workspace\8-2-build-windows-i586-cygwin\jdk8u40\3098\hotspot\src\share\vm\runtime\sharedRuntime.cpp, line 605]
Event: 1.220 Thread 0x15f5cc00 Exception <a 'java/lang/NoSuchFieldError': method resolution failed> (0x05167058) thrown at [C:\re\workspace\8-2-build-windows-i586-cygwin\jdk8u40\3098\hotspot\src\share\vm\prims\methodHandles.cpp, line 1125]
Event: 1.224 Thread 0x15f5cc00 Exception <a 'java/lang/NoSuchFieldError': method resolution failed> (0x05174718) thrown at [C:\re\workspace\8-2-build-windows-i586-cygwin\jdk8u40\3098\hotspot\src\share\vm\prims\methodHandles.cpp, line 1125]

Events (10 events):
Event: 12.597 Executing VM operation: Deoptimize
Event: 12.598 Executing VM operation: Deoptimize done
Event: 12.598 loading class java/util/Collections$UnmodifiableList$1
Event: 12.598 loading class java/util/Collections$UnmodifiableList$1 done
Event: 92.422 Thread 0x152a5800 flushing nmethod 0x02d7ed08
Event: 92.422 Thread 0x152a5800 flushing nmethod 0x02d80948
Event: 92.422 Thread 0x152a5800 flushing nmethod 0x02d92e88
Event: 106.422 Thread 0x152a5800 flushing nmethod 0x02ddb448
Event: 108.357 Executing VM operation: RedefineClasses
Event: 108.360 Executing VM operation: RedefineClasses done


Dynamic libraries:
0x00e50000 - 0x00e83000 	C:\Program Files (x86)\Java\jre1.8.0_40\bin\javaw.exe
0x777b0000 - 0x7791e000 	C:\WINDOWS\SYSTEM32\ntdll.dll
0x772b0000 - 0x773f0000 	C:\WINDOWS\SYSTEM32\KERNEL32.DLL
0x759e0000 - 0x75ab7000 	C:\WINDOWS\SYSTEM32\KERNELBASE.dll
0x72f60000 - 0x73000000 	C:\WINDOWS\system32\apphelp.dll
0x61650000 - 0x618b6000 	C:\WINDOWS\AppPatch\AcGenral.DLL
0x75490000 - 0x75553000 	C:\WINDOWS\SYSTEM32\msvcrt.dll
0x75b00000 - 0x75b41000 	C:\WINDOWS\SYSTEM32\sechost.dll
0x74fb0000 - 0x74fce000 	C:\WINDOWS\SYSTEM32\SspiCli.dll
0x758d0000 - 0x75915000 	C:\WINDOWS\SYSTEM32\SHLWAPI.dll
0x749a0000 - 0x74a8d000 	C:\WINDOWS\SYSTEM32\UxTheme.dll
0x77580000 - 0x776d3000 	C:\WINDOWS\SYSTEM32\USER32.dll
0x75600000 - 0x7570e000 	C:\WINDOWS\SYSTEM32\GDI32.dll
0x6eb10000 - 0x6eb33000 	C:\WINDOWS\SYSTEM32\WINMM.dll
0x614b0000 - 0x614c3000 	C:\WINDOWS\SYSTEM32\samcli.dll
0x75be0000 - 0x75d08000 	C:\WINDOWS\SYSTEM32\ole32.dll
0x75da0000 - 0x75e35000 	C:\WINDOWS\SYSTEM32\OLEAUT32.dll
0x656e0000 - 0x656f7000 	C:\WINDOWS\SYSTEM32\MSACM32.dll
0x744f0000 - 0x744f8000 	C:\WINDOWS\SYSTEM32\VERSION.dll
0x75e90000 - 0x7713c000 	C:\WINDOWS\SYSTEM32\SHELL32.dll
0x74e30000 - 0x74e4b000 	C:\WINDOWS\SYSTEM32\USERENV.dll
0x74980000 - 0x7499a000 	C:\WINDOWS\SYSTEM32\dwmapi.dll
0x71f60000 - 0x720aa000 	C:\WINDOWS\SYSTEM32\urlmon.dll
0x75410000 - 0x7548c000 	C:\WINDOWS\SYSTEM32\ADVAPI32.dll
0x72c40000 - 0x72ca5000 	C:\WINDOWS\SYSTEM32\WINSPOOL.DRV
0x72cc0000 - 0x72cd6000 	C:\WINDOWS\SYSTEM32\MPR.dll
0x75330000 - 0x753ea000 	C:\WINDOWS\SYSTEM32\RPCRT4.dll
0x74fa0000 - 0x74faa000 	C:\WINDOWS\SYSTEM32\CRYPTBASE.dll
0x75040000 - 0x751bd000 	C:\WINDOWS\SYSTEM32\combase.dll
0x6e8d0000 - 0x6e8f3000 	C:\WINDOWS\SYSTEM32\WINMMBASE.dll
0x74400000 - 0x7440f000 	C:\WINDOWS\SYSTEM32\profapi.dll
0x741c0000 - 0x743f2000 	C:\WINDOWS\SYSTEM32\iertutil.dll
0x745b0000 - 0x74783000 	C:\WINDOWS\SYSTEM32\WININET.dll
0x74f40000 - 0x74f94000 	C:\WINDOWS\SYSTEM32\bcryptPrimitives.dll
0x75ac0000 - 0x75afc000 	C:\WINDOWS\SYSTEM32\cfgmgr32.dll
0x6f1c0000 - 0x6f1e1000 	C:\WINDOWS\SYSTEM32\DEVOBJ.dll
0x73090000 - 0x7311b000 	C:\WINDOWS\SYSTEM32\SHCORE.DLL
0x75990000 - 0x759b7000 	C:\WINDOWS\system32\IMM32.DLL
0x77150000 - 0x77262000 	C:\WINDOWS\SYSTEM32\MSCTF.dll
0x6e620000 - 0x6e826000 	C:\WINDOWS\WinSxS\x86_microsoft.windows.common-controls_6595b64144ccf1df_6.0.9600.17784_none_a9f497a901334c74\COMCTL32.dll
0x61530000 - 0x615ef000 	C:\Program Files (x86)\Java\jre1.8.0_40\bin\msvcr100.dll
0x61b60000 - 0x61f20000 	C:\Program Files (x86)\Java\jre1.8.0_40\bin\client\jvm.dll
0x74e20000 - 0x74e28000 	C:\WINDOWS\SYSTEM32\WSOCK32.dll
0x753f0000 - 0x753f6000 	C:\WINDOWS\SYSTEM32\PSAPI.DLL
0x75e40000 - 0x75e90000 	C:\WINDOWS\SYSTEM32\WS2_32.dll
0x75400000 - 0x75407000 	C:\WINDOWS\SYSTEM32\NSI.dll
0x718a0000 - 0x718ac000 	C:\Program Files (x86)\Java\jre1.8.0_40\bin\verify.dll
0x6e890000 - 0x6e8b1000 	C:\Program Files (x86)\Java\jre1.8.0_40\bin\java.dll
0x64c90000 - 0x64cb9000 	C:\Program Files (x86)\Java\jre1.8.0_40\bin\jdwp.dll
0x64c80000 - 0x64c87000 	C:\Program Files (x86)\Java\jre1.8.0_40\bin\npt.dll
0x6e870000 - 0x6e883000 	C:\Program Files (x86)\Java\jre1.8.0_40\bin\zip.dll
0x64c70000 - 0x64c78000 	C:\Program Files (x86)\Java\jre1.8.0_40\bin\dt_socket.dll
0x71df0000 - 0x71e01000 	C:\WINDOWS\system32\napinsp.dll
0x71dd0000 - 0x71de6000 	C:\WINDOWS\system32\pnrpnsp.dll
0x71db0000 - 0x71dc4000 	C:\WINDOWS\system32\NLAapi.dll
0x71d60000 - 0x71dab000 	C:\WINDOWS\System32\mswsock.dll
0x71c50000 - 0x71cce000 	C:\WINDOWS\SYSTEM32\DNSAPI.dll
0x71b60000 - 0x71b6a000 	C:\WINDOWS\System32\winrnr.dll
0x71b50000 - 0x71b60000 	C:\WINDOWS\system32\wshbth.dll
0x719c0000 - 0x71a06000 	C:\WINDOWS\System32\fwpuclnt.dll
0x71b40000 - 0x71b48000 	C:\Windows\System32\rasadhlp.dll
0x71900000 - 0x71919000 	C:\WINDOWS\SYSTEM32\CRYPTSP.dll
0x718d0000 - 0x71900000 	C:\WINDOWS\system32\rsaenh.dll
0x718b0000 - 0x718ce000 	C:\WINDOWS\SYSTEM32\bcrypt.dll
0x6e850000 - 0x6e865000 	C:\Program Files (x86)\Java\jre1.8.0_40\bin\net.dll
0x720e0000 - 0x72100000 	C:\WINDOWS\SYSTEM32\IPHLPAPI.DLL
0x720d0000 - 0x720d8000 	C:\WINDOWS\SYSTEM32\WINNSI.DLL
0x6f1f0000 - 0x6f203000 	C:\WINDOWS\SYSTEM32\dhcpcsvc6.DLL
0x720b0000 - 0x720c4000 	C:\WINDOWS\SYSTEM32\dhcpcsvc.DLL
0x6e840000 - 0x6e84f000 	C:\Program Files (x86)\Java\jre1.8.0_40\bin\nio.dll
0x64c60000 - 0x64c6a000 	C:\Program Files (x86)\Java\jre1.8.0_40\bin\management.dll
0x71e10000 - 0x71f51000 	C:\WINDOWS\SYSTEM32\dbghelp.dll

VM Arguments:
jvm_args: -agentlib:jdwp=transport=dt_socket,suspend=y,address=localhost:5408 -Dfile.encoding=UTF-8 
java_command: BeanStart
java_class_path (initial): C:\HerukoGit\New\whatscook\target\classes;C:\Users\Roi Zlotolov\.m2\repository\org\eclipse\jetty\jetty-servlet\9.2.10.v20150310\jetty-servlet-9.2.10.v20150310.jar;C:\Users\Roi Zlotolov\.m2\repository\org\eclipse\jetty\jetty-security\9.2.10.v20150310\jetty-security-9.2.10.v20150310.jar;C:\Users\Roi Zlotolov\.m2\repository\javax\servlet\javax.servlet-api\3.1.0\javax.servlet-api-3.1.0.jar;C:\Users\Roi Zlotolov\.m2\repository\org\postgresql\postgresql\9.4-1201-jdbc4\postgresql-9.4-1201-jdbc4.jar;C:\Users\Roi Zlotolov\.m2\repository\org\mongodb\mongodb-driver\3.0.0\mongodb-driver-3.0.0.jar;C:\Users\Roi Zlotolov\.m2\repository\org\mongodb\mongodb-driver-core\3.0.0\mongodb-driver-core-3.0.0.jar;C:\Users\Roi Zlotolov\.m2\repository\org\mongodb\bson\3.0.0\bson-3.0.0.jar;C:\Users\Roi Zlotolov\.m2\repository\org\json\json\20141113\json-20141113.jar;C:\Users\Roi Zlotolov\.m2\repository\commons-io\commons-io\1.3.2\commons-io-1.3.2.jar;C:\Users\Roi Zlotolov\.m2\repository\org\mongodb\morphia\morphia\0.111\morphia-0.111.jar;C:\Users\Roi Zlotolov\.m2\repository\org\mongodb\mongo-java-driver\2.13.0\mongo-java-driver-2.13.0.jar;C:\Users\Roi Zlotolov\.m2\repository\org\mongodb\morphia\morphia-util\0.111\morphia-util-0.111.jar;C:\Users\Roi Zlotolov\.m2\repository\com\thoughtworks\proxytoys\proxytoys\1.0\proxytoys-1.0.jar;C:\Users\Roi Zlotolov\.m2\repository\com\sparkjava\spark-core\2.1\spark-core-2.1.jar;C:\Users\Roi Zlotolov\.m2\repository\org\slf4j\slf4j-api\1.7.7\slf4j-api-1.7.7.jar;C:\Users\Roi Zlotolov\.m2\repository\org\slf4j\slf4j-simple\1.7.7\slf4j-simple-1.7.7.jar;C:\Users\Roi Zlotolov\.m2\repository\org\eclipse\jetty\jetty-server\9.0.2.v20130417\jetty-server-9.0.2.v20130417.jar;C:\Users\Roi Zlotolov\.m2\repository\org\eclipse\jetty\orbit\javax.servlet\3.0.0.v201112011016\javax.servlet-3.0.0.v201112011016.jar;C:\Users\Roi Zlotolov\.m2\repository\org\eclipse\jetty\jetty-http\9.0.2.v20130417\jetty-http-9.0.2.v20130417.jar;C:\Users\Roi Zlotolov\.m2\re
Launcher Type: SUN_STANDARD

Environment Variables:
JAVA_HOME=C:\Program Files (x86)\Java\jdk1.7.0_60\bin;C:\Program Files\Java\jdk1.8.0_40\bin
USERNAME=Roi Zlotolov
OS=Windows_NT
PROCESSOR_IDENTIFIER=Intel64 Family 6 Model 58 Stepping 9, GenuineIntel



---------------  S Y S T E M  ---------------

OS: Windows 8.1 , 64 bit Build 9600 (6.3.9600.17415)

CPU:total 4 (2 cores per cpu, 2 threads per core) family 6 model 58 stepping 9, cmov, cx8, fxsr, mmx, sse, sse2, sse3, ssse3, sse4.1, sse4.2, popcnt, avx, aes, clmul, erms, ht, tsc, tscinvbit, tscinv

Memory: 4k page, physical 8254744k(2155732k free), swap 16643352k(9370952k free)

vm_info: Java HotSpot(TM) Client VM (25.40-b25) for windows-x86 JRE (1.8.0_40-b26), built on Mar  7 2015 13:51:08 by "java_re" with MS VC++ 10.0 (VS2010)

time: Mon May 18 19:40:36 2015
elapsed time: 108 seconds (0d 0h 1m 48s)

